<?xml version="1.0" encoding="UTF-8"?>
<!-- Generated by org.testng.reporters.JUnitReportReporter -->
<testsuite hostname="Oraib" failures="0" tests="1" name="parameters" time="0.063" errors="0" timestamp="2023-02-18T06:10:25 GMT+02:00" skipped="0">
  <testcase classname="parameters" name="hgdshgfds" time="0.063"/>
  <system-out/>
</testsuite> <!-- parameters -->
