<?xml version="1.0" encoding="UTF-8"?>
<!-- Generated by org.testng.reporters.JUnitReportReporter -->
<testsuite hostname="Oraib" failures="0" tests="3" name="myTestCases" time="4.733" errors="0" timestamp="2023-02-23T11:25:05 GMT+02:00" skipped="0">
  <testcase classname="myTestCases" name="Check_The_Title" time="0.049"/>
  <system-out/>
  <testcase classname="myTestCases" name="Validation_the_contact_from_information" time="3.907"/>
  <system-out/>
  <testcase classname="myTestCases" name="check_the_image_drawer" time="0.777"/>
  <system-out/>
</testsuite> <!-- myTestCases -->
